INFO  Sun Oct 11 02:50:01 2020 : https://www.ndbc.noaa.gov/data/realtime2//45174.txt
INFO  Sun Oct 11 02:50:01 2020 : https://www.ndbc.noaa.gov/data/realtime2//45170.txt
INFO  Sun Oct 11 02:50:01 2020 : https://www.ndbc.noaa.gov/data/realtime2//45168.txt
INFO  Sun Oct 11 02:50:01 2020 : https://www.ndbc.noaa.gov/data/realtime2//CHII2.txt
INFO  Sun Oct 11 02:50:01 2020 : https://www.ndbc.noaa.gov/data/realtime2//MCYI3.txt
INFO  Sun Oct 11 02:50:02 2020 : https://www.ndbc.noaa.gov/data/realtime2//WHRI2.txt
INFO  Sun Oct 11 02:50:02 2020 : https://www.ndbc.noaa.gov/data/realtime2//45186.txt
INFO  Sun Oct 11 02:50:02 2020 : https://www.ndbc.noaa.gov/data/realtime2//45187.txt
INFO  Sun Oct 11 02:50:02 2020 : https://www.ndbc.noaa.gov/data/realtime2//KNSW3.txt
INFO  Sun Oct 11 02:50:03 2020 : https://www.ndbc.noaa.gov/data/realtime2//MLWW3.txt
INFO  Sun Oct 11 02:50:03 2020 : https://www.ndbc.noaa.gov/data/realtime2//45013.txt
INFO  Sun Oct 11 02:50:03 2020 : https://www.ndbc.noaa.gov/data/realtime2//45007.txt
INFO  Sun Oct 11 02:50:03 2020 : https://www.ndbc.noaa.gov/data/realtime2//45002.txt
INFO  Sun Oct 11 02:50:04 2020 : https://www.ndbc.noaa.gov/data/realtime2//45029.txt
INFO  Sun Oct 11 02:50:04 2020 : https://www.ndbc.noaa.gov/data/realtime2//45026.txt
INFO  Sun Oct 11 02:50:04 2020 : https://www.ndbc.noaa.gov/data/realtime2//BHRI3.txt
INFO  Sun Oct 11 02:50:04 2020 : https://www.ndbc.noaa.gov/data/realtime2//SVNM4.txt
INFO  Sun Oct 11 02:50:05 2020 : https://www.ndbc.noaa.gov/data/realtime2//HLNM4.txt
INFO  Sun Oct 11 02:50:05 2020 : https://www.ndbc.noaa.gov/data/realtime2//45161.txt
INFO  Sun Oct 11 02:50:05 2020 : https://www.ndbc.noaa.gov/data/realtime2//MKGM4.txt
INFO  Sun Oct 11 02:50:06 2020 : https://www.ndbc.noaa.gov/data/realtime2//45024.txt
INFO  Sun Oct 11 02:50:06 2020 : https://www.ndbc.noaa.gov/data/realtime2//BSBM4.txt
INFO  Sun Oct 11 02:50:06 2020 : https://www.ndbc.noaa.gov/data/realtime2//MEEM4.txt
