*   Trying 140.172.138.18...
* TCP_NODELAY set
* Connected to nomads.ncep.noaa.gov (140.172.138.18) port 443 (#0)
* ALPN, offering h2
* ALPN, offering http/1.1
* successfully set certificate verify locations:
*   CAfile: /etc/ssl/cert.pem
  CApath: none
* TLSv1.2 (OUT), TLS handshake, Client hello (1):
} [234 bytes data]
* TLSv1.2 (IN), TLS handshake, Server hello (2):
{ [97 bytes data]
* TLSv1.2 (IN), TLS handshake, Certificate (11):
{ [2846 bytes data]
* TLSv1.2 (IN), TLS handshake, Server key exchange (12):
{ [333 bytes data]
* TLSv1.2 (IN), TLS handshake, Server finished (14):
{ [4 bytes data]
* TLSv1.2 (OUT), TLS handshake, Client key exchange (16):
} [70 bytes data]
* TLSv1.2 (OUT), TLS change cipher, Change cipher spec (1):
} [1 bytes data]
* TLSv1.2 (OUT), TLS handshake, Finished (20):
} [16 bytes data]
* TLSv1.2 (IN), TLS change cipher, Change cipher spec (1):
{ [1 bytes data]
* TLSv1.2 (IN), TLS handshake, Finished (20):
{ [16 bytes data]
* SSL connection using TLSv1.2 / ECDHE-RSA-AES256-GCM-SHA384
* ALPN, server accepted to use http/1.1
* Server certificate:
*  subject: OU=Domain Control Validated; CN=*.ncep.noaa.gov
*  start date: Aug 18 14:38:02 2020 GMT
*  expire date: Nov  1 21:46:19 2021 GMT
*  subjectAltName: host "nomads.ncep.noaa.gov" matched cert's "*.ncep.noaa.gov"
*  issuer: C=US; ST=Arizona; L=Scottsdale; O=GoDaddy.com, Inc.; OU=http://certs.godaddy.com/repository/; CN=Go Daddy Secure Certificate Authority - G2
*  SSL certificate verify ok.
> GET /pub/data/nccf/com/wave/prod/glwu.20201010/glwu.grlc_2p5km.t19z.grib2 HTTP/1.1
> Host: nomads.ncep.noaa.gov
> Range: bytes=0-142719,273342-324116,932595-1077205,1208188-1258574,1867580-2012256,2142598-2192816,2801062-2942855,3071174-3121161,3729499-3869634,3997055-4046735,4661955-4801426,4928798-4978218,5595794-5731362,5857352-5906660,6525093-6654367,6777807-6826993,7451643-7581609,7705556-7754655,8377454-8505959,8629016-8678085,9297935-9424194,9546724-9595741,10216336-10343600,10466298-10515245,11131296-11258502,11380489-11429398,12039742-12167408,12289725-12338667,12950370-13077434,13199487-13248525,13856376-13983501,14106037-14155296,14755982-14883301,15006326-15055765,15648901-15777750,15901372-15951144,16533425-16662620,16786330-16836384,17407918-17533545,17655095-17705302,18267141-18393364,18516111-18566479,19119783-19246596,19369626-19420106,19966309-20093834,20217193-20267709,20806133-20934698,21058061-21108622,21641793-21771574,21896233-21946821,22476840-22607163,22731959-22782597,23310309-23441759,23567076-23617722,24143561-24274322,24400078-24450812,24974942-25105658,25231314-25282132,25806032-25937244,26064082-26115170,26637814-26768554,26895298-26946649,27468060-27597049,27723327-27774751,28297238-28424984,28550047-28601647,29123786-29252053,29378179-29429933,29953292-30082671,30209486-30261195,30786678-30916676,31043935-31095736,31622440-31755539,31882670-31934406,32460575-32593911,32721097-32772751,33299114-33429675,33556887-33608649,34135087-34270717,34398709-34450458,34977636-35113896,35242420-35294138,35822995-35955753,36084176-36136111,36666729-36806271,36937007-36989031,37522532-37662766,37794376-37846367,38383064-38520469,38652663-38704804,39245316-39388426,39521965-39574111,40120046-40263763,40397609-40449726,41013113-41154307,41288486-41340656,41916336-42060292,42194501-42246398,42831487-42974975,43108124-43159719,43759172-43896702,44028294-44079788,44683940-44825296,44956850-45008225,45610103-45750599,45881349-45932463,46529972-46664502,46792922-46843878,47440671-47580000,47708789-47759634,48354468-48493526,48621712-48672399,49264847-49403301,49530705-49581157,50172978-50311113,50437836-50488178,51081929-51219039,51344800-51395190,51989634-52120576,52244282-52294660,52889862-53024393,53148471-53198775,53786451-53920504,54043947-54094155,54676348-54809779,54932907-54982908,55561130-55694311,55817548-55867401,56442323-56574943,56698047-56747703,57322039-57448501,57569847-57619446,58193438-58325943,58449434-58498768,59065562-59198357,59321871-59371084,59930366-60062962,60186459-60235569,60790513-60923206,61047043-61096166,61648190-61780698,61904890-61954119,62504514-62632007,62754791-62804137,63353303-63484984,63608781-63658106,64201548-64333052,64456123-64505390,65042058-65173324,65295766-65344916,65875211-66007063,66129640-66178758,66707176-66838984,66961661-67010698,67540151-67666013,67786483-67835517,68368261-68498394,68619715-68668761,69199301-69328975,69449436-69498462,70026741-70155936,70275583-70324610,70848441-70977508,71096651-71145747,71668373-71796804,71915033-71964278,72488282-72609633,72722031-72771550,73297790-73424651,73540290-73589829,74115565-74242682,74358300-74407765,74932696-75059936,75175745-75225216,75749322-75876730,75993315-76042788,76566554-76694271,76811169-76860604,77383572-77507188,77623043-77672453,78193771-78323163,78442314-78491683,79004928-79134684,79254536-79303741,79811673-79941257,80061641-80110819,80615339-80744986,80865819-80915016,81418143-81547408,81668509-81717730,82221791-82346000,82465280-82514668,83019831-83150428,83272117-83321477,83829428-83960604,84082568-84131752,84644282-84775860,84897661-84946810,85464897-85596658,85718348-85767350,86291412-86423023,86544546-86593498,87123458-87250242,87370062-87418941,87954306-88087209,88208857-88257664,88791535-88925254,89047550-89096264,89629891-89764055,89887056-89935670,90470962-90605464,90729384-90777900,91317427-91452211,91576979-91625585,92171059-92302048,92426830-92475610,93025622-93160785,93286596-93335456,93885446-94020863,94146600-94195410,94745905-94881375,95007062-95055938,95606713-95742196,95868062-95917009,96468284-96603436,96729315-96778448,97329169-97458510,97582688-97631993,98183482-98316099,98440881-98490273,99039820-99171906,99296171-99345586,99893724-100024980,100148574-100198041,100744060-100874484,100997575-101047135,101590959-101720246,101842793-101892507,102433769-102556675,102677200-102727177,103265845-103392183,103513768-103563760,104100079-104226484,104347677-104397574,104931271-105057297,105177953-105227792,105759558-105885757,106006602-106056442,106586264-106712300,106833065-106882904,107410103-107531143,107650482-107700246,108225986-108351056,108471061-108520803,109043709-109168969,109288712-109338338,109858679-109983901,110103573-110153067,110670786-110796102,110915892-110965308,111480686-111605773,111725703-111775120,112289136-112410536,112529582-112579018,113092566-113218700,113338663-113388026,113898146-114024463,114144304-114193505,114700455-114826927,114946745-114995859,115500614-115627267,115747173-115796311,116300388-116426687,116546547-116595668,117099847-117222646,117341524-117390720,117895653-118022267,118141799-118190929,118694840-118821761,118940627-118989666,119492016-119618251,119736488-119785460,120286331-120412551,120530165-120579137,121078433-121203468,121320224-121369291,121867219-121986059,122100146-122149234,122646502-122769307,122885395-122934515,123430995-123553779,123669957-123718994,124214290-124336936,124453018-124501957,124996926-125119839,125236040-125284923,125779130-125901404,126017744-126066620,126560838-126675895,126791167-126840031
> User-Agent: curl/7.64.1
> Accept: */*
> 
< HTTP/1.1 206 Partial Content
< Date: Sat, 10 Oct 2020 19:25:01 GMT
< Server: Apache
< X-Frame-Options: SAMEORIGIN
< X-Content-Type-Options: nosniff
< X-XSS-Protection: 1; mode=block
< Last-Modified: Sat, 10 Oct 2020 19:22:12 GMT
< ETag: "4700ed8-796f7ba-5b155fb741610"
< Accept-Ranges: bytes
< Cache-Control: max-age=14400
< Expires: Sat, 10 Oct 2020 23:25:01 GMT
< Connection: close
< Transfer-Encoding: chunked
< Content-Type: multipart/byteranges; boundary=5b156058007b212
< Strict-Transport-Security: max-age=31536000; includeSubdomains; preload
< Set-Cookie: NSC_opnbet-cmes-ttm=ffffffff09a49e5945525d5f4f58455e445a4a423660;path=/;secure;httponly
< 
{ [7311 bytes data]
* Closing connection 0
* TLSv1.2 (OUT), TLS alert, close notify (256):
} [2 bytes data]
[INFO]  Sat Oct 10 19:25:00 2020 : Starting WW3 Download for 2020-10-10/19
[INFO]  Sat Oct 10 19:25:04 2020 : Downloading /Users/leecarlaw/scripts/ww3/data/2020-10-10/glwu.grlc_2p5km.t19z.grib2
[INFO]  Sat Oct 10 19:25:04 2020 : Download Complete
